<?xml version="1.0" encoding="UTF-8"?>
<!-- Generated by org.testng.reporters.JUnitReportReporter -->
<testsuite hostname="DESKTOP-I8AV3JT" failures="0" tests="2" name="runner.smokeTests" time="10.452" errors="0" timestamp="16 Mar 2024 21:20:55 GMT" skipped="0">
  <testcase classname="runner.smokeTests" name="runScenario" time="1.776"/>
  <testcase classname="runner.smokeTests" name="runScenario" time="8.676"/>
</testsuite> <!-- runner.smokeTests -->
