<?xml version="1.0" encoding="UTF-8"?>
<!-- Generated by org.testng.reporters.JUnitReportReporter -->
<testsuite hostname="DESKTOP-I8AV3JT" failures="0" tests="1" name="runner.testRunner" time="7.248" errors="0" timestamp="10 Mar 2024 23:36:40 GMT" skipped="0">
  <testcase classname="runner.testRunner" name="runScenario" time="7.248"/>
</testsuite> <!-- runner.testRunner -->
