<?xml version="1.0" encoding="UTF-8"?>
<!-- Generated by org.testng.reporters.JUnitReportReporter -->
<testsuite hostname="DESKTOP-I8AV3JT" failures="0" tests="2" name="runner.regressionTests" time="13.557" errors="0" timestamp="16 Mar 2024 21:18:40 GMT" skipped="0">
  <testcase classname="runner.regressionTests" name="runScenario" time="2.675"/>
  <testcase classname="runner.regressionTests" name="runScenario" time="10.882"/>
</testsuite> <!-- runner.regressionTests -->
