<?xml version="1.0" encoding="UTF-8"?>
<!-- Generated by org.testng.reporters.JUnitReportReporter -->
<testsuite hostname="DESKTOP-I8AV3JT" failures="0" tests="3" name="runner.testRunner" time="5.141" errors="0" timestamp="25 Feb 2024 07:22:37 GMT" skipped="0">
  <testcase classname="runner.testRunner" name="runScenario" time="1.373"/>
  <testcase classname="runner.testRunner" name="runScenario" time="1.539"/>
  <testcase classname="runner.testRunner" name="runScenario" time="2.229"/>
</testsuite> <!-- runner.testRunner -->
